<?xml version="1.0" encoding="UTF-8"?>
<!-- Generated by org.testng.reporters.JUnitReportReporter -->
<testsuite hostname="DESKTOP-PH17QQC" failures="0" tests="3" name="com.runner.OpernMarsRuuner" time="9.284" errors="0" timestamp="2024-11-20T12:23:35 IST" skipped="0">
  <testcase classname="com.runner.OpernMarsRuuner" name="validLoginTest" time="4.077"/>
  <system-out/>
  <testcase classname="com.runner.OpernMarsRuuner" name="emptyLocation" time="3.384"/>
  <system-out/>
  <testcase classname="com.runner.OpernMarsRuuner" name="inValidloginTest" time="1.823"/>
  <system-out/>
</testsuite> <!-- com.runner.OpernMarsRuuner -->
