<?xml version="1.0" encoding="UTF-8"?>
<!-- Generated by org.testng.reporters.JUnitReportReporter -->
<testsuite hostname="DESKTOP-PH17QQC" failures="0" tests="4" name="com.testng.DataProviderTest" time="23.666" errors="0" timestamp="2024-11-20T11:13:26 IST" skipped="0">
  <testcase classname="com.testng.DataProviderTest" name="login" time="5.033"/>
  <system-out/>
  <testcase classname="com.testng.DataProviderTest" name="login" time="4.784"/>
  <system-out/>
  <testcase classname="com.testng.DataProviderTest" name="login" time="7.829"/>
  <system-out/>
  <testcase classname="com.testng.DataProviderTest" name="login" time="6.020"/>
  <system-out/>
</testsuite> <!-- com.testng.DataProviderTest -->
