<?xml version="1.0" encoding="UTF-8"?>
<!-- Generated by org.testng.reporters.JUnitReportReporter -->
<testsuite hostname="DESKTOP-PH17QQC" failures="0" tests="1" name="com.testng.HardAssertConcept" time="0.013" errors="0" timestamp="2024-11-19T11:26:54 IST" skipped="0">
  <testcase classname="com.testng.HardAssertConcept" name="demo" time="0.013"/>
</testsuite> <!-- com.testng.HardAssertConcept -->
