<?xml version="1.0" encoding="UTF-8"?>
<!-- Generated by org.testng.reporters.JUnitReportReporter -->
<testsuite hostname="DESKTOP-PH17QQC" failures="0" tests="3" name="com.testng.CrossBrowserTesting" time="6.429" errors="0" timestamp="2024-11-19T10:37:59 IST" skipped="2">
  <testcase classname="com.testng.CrossBrowserTesting" name="edgeBrowser" time="6.429"/>
  <testcase classname="com.testng.CrossBrowserTesting" name="firefoxBrowser">
    <skipped/>
  </testcase> <!-- firefoxBrowser -->
  <testcase classname="com.testng.CrossBrowserTesting" name="chromeBrowser">
    <skipped/>
  </testcase> <!-- chromeBrowser -->
</testsuite> <!-- com.testng.CrossBrowserTesting -->
