<?xml version="1.0" encoding="UTF-8"?>
<!-- Generated by org.testng.reporters.JUnitReportReporter -->
<testsuite hostname="DESKTOP-PH17QQC" failures="0" tests="1" name="com.testng.FileUpload" time="9.249" errors="0" timestamp="2024-11-19T12:48:06 IST" skipped="0">
  <testcase classname="com.testng.FileUpload" name="fileUpload" time="9.249"/>
</testsuite> <!-- com.testng.FileUpload -->
