<?xml version="1.0" encoding="UTF-8"?>
<!-- Generated by org.testng.reporters.JUnitReportReporter -->
<testsuite hostname="DESKTOP-PH17QQC" failures="0" tests="1" name="com.testng.ParameterTset" time="6.344" errors="0" timestamp="2024-11-20T11:33:26 IST" skipped="0">
  <testcase classname="com.testng.ParameterTset" name="login" time="6.344"/>
  <system-out/>
</testsuite> <!-- com.testng.ParameterTset -->
