<?xml version="1.0" encoding="UTF-8"?>
<!-- Generated by org.testng.reporters.JUnitReportReporter -->
<testsuite hostname="DESKTOP-PH17QQC" failures="0" tests="1" name="com.testng.SoftAssertConcept" time="0.026" errors="0" timestamp="2024-11-19T11:24:30 IST" skipped="0">
  <testcase classname="com.testng.SoftAssertConcept" name="demo" time="0.026"/>
</testsuite> <!-- com.testng.SoftAssertConcept -->
