<?xml version="1.0" encoding="UTF-8"?>
<!-- Generated by org.testng.reporters.JUnitReportReporter -->
<testsuite hostname="DESKTOP-PH17QQC" failures="0" tests="3" name="com.testng.SimpleAnnotations" time="0.020" errors="0" timestamp="2024-11-18T12:21:11 IST" skipped="0">
  <testcase classname="com.testng.SimpleAnnotations" name="men" time="0.004"/>
  <testcase classname="com.testng.SimpleAnnotations" name="women" time="0.003"/>
  <testcase classname="com.testng.SimpleAnnotations" name="kids" time="0.013"/>
</testsuite> <!-- com.testng.SimpleAnnotations -->
