<?xml version="1.0" encoding="UTF-8"?>
<!-- Generated by org.testng.reporters.JUnitReportReporter -->
<testsuite hostname="DESKTOP-PH17QQC" failures="0" tests="12" name="com.testng.InvacationCount" time="55.797" errors="0" timestamp="2024-11-20T10:52:27 IST" skipped="0">
  <testcase classname="com.testng.InvacationCount" name="firefoxBrowser" time="10.652"/>
  <system-out/>
  <testcase classname="com.testng.InvacationCount" name="chromeBrowser" time="3.879"/>
  <system-out/>
  <testcase classname="com.testng.InvacationCount" name="chromeBrowser" time="3.809"/>
  <system-out/>
  <testcase classname="com.testng.InvacationCount" name="chromeBrowser" time="4.024"/>
  <system-out/>
  <testcase classname="com.testng.InvacationCount" name="chromeBrowser" time="4.383"/>
  <system-out/>
  <testcase classname="com.testng.InvacationCount" name="chromeBrowser" time="4.107"/>
  <system-out/>
  <testcase classname="com.testng.InvacationCount" name="chromeBrowser" time="3.336"/>
  <system-out/>
  <testcase classname="com.testng.InvacationCount" name="chromeBrowser" time="3.632"/>
  <system-out/>
  <testcase classname="com.testng.InvacationCount" name="chromeBrowser" time="3.770"/>
  <system-out/>
  <testcase classname="com.testng.InvacationCount" name="chromeBrowser" time="3.552"/>
  <system-out/>
  <testcase classname="com.testng.InvacationCount" name="chromeBrowser" time="6.071"/>
  <system-out/>
  <testcase classname="com.testng.InvacationCount" name="edgeBrowser" time="4.582"/>
  <system-out/>
</testsuite> <!-- com.testng.InvacationCount -->
