<?xml version="1.0" encoding="UTF-8"?>
<!-- Generated by org.testng.reporters.JUnitReportReporter -->
<testsuite hostname="DESKTOP-PH17QQC" failures="0" tests="3" name="com.testng.Grouping" time="0.014" errors="0" timestamp="2024-11-19T10:56:27 IST" skipped="0">
  <testcase classname="com.testng.Grouping" name="watch" time="0.003"/>
  <testcase classname="com.testng.Grouping" name="mobile" time="0.004"/>
  <testcase classname="com.testng.Grouping" name="laptop" time="0.007"/>
</testsuite> <!-- com.testng.Grouping -->
