<?xml version="1.0" encoding="UTF-8"?>
<!-- Generated by org.testng.reporters.JUnitReportReporter -->
<testsuite hostname="DESKTOP-PH17QQC" failures="0" tests="3" name="com.testng.DependsOnMethod" time="0.020" errors="0" timestamp="2024-11-19T11:05:34 IST" skipped="0">
  <testcase classname="com.testng.DependsOnMethod" name="sampleThree" time="0.010"/>
  <testcase classname="com.testng.DependsOnMethod" name="sampleTwo" time="0.001"/>
  <testcase classname="com.testng.DependsOnMethod" name="sampleOne" time="0.009"/>
</testsuite> <!-- com.testng.DependsOnMethod -->
